d:\vst___\src\open_camera_read_info\x64\debug\ffm.obj
d:\vst___\src\open_camera_read_info\x64\debug\moc_widget.obj
d:\vst___\src\open_camera_read_info\x64\debug\main.obj
d:\vst___\src\open_camera_read_info\x64\debug\qrc_widget.obj
d:\vst___\src\open_camera_read_info\x64\debug\widget.obj
d:\vst___\src\open_camera_read_info\x64\debug\open_camera_read_info.ilk
d:\vst___\src\open_camera_read_info\x64\debug\open_camera_read_info.exe
d:\vst___\src\open_camera_read_info\x64\debug\open_camera_read_info.pdb
d:\vst___\src\open_camera_read_info\.\generatedfiles\debug\moc_widget.cpp
d:\vst___\src\open_camera_read_info\generatedfiles\ui_widget.h
d:\vst___\src\open_camera_read_info\generatedfiles\qrc_widget.cpp
d:\vst___\src\open_camera_read_info\generatedfiles\debug\moc_widget.cpp
d:\vst___\src\open_camera_read_info\.\generatedfiles\qrc_widget.cpp
d:\vst___\src\open_camera_read_info\.\generatedfiles\ui_widget.h
d:\vst___\src\open_camera_read_info\x64\debug\vc141.pdb
d:\vst___\src\open_camera_read_info\x64\debug\open_cam.b12702ad.tlog\cl.command.1.tlog
d:\vst___\src\open_camera_read_info\x64\debug\open_cam.b12702ad.tlog\cl.read.1.tlog
d:\vst___\src\open_camera_read_info\x64\debug\open_cam.b12702ad.tlog\cl.write.1.tlog
d:\vst___\src\open_camera_read_info\x64\debug\open_cam.b12702ad.tlog\link.command.1.tlog
d:\vst___\src\open_camera_read_info\x64\debug\open_cam.b12702ad.tlog\link.read.1.tlog
d:\vst___\src\open_camera_read_info\x64\debug\open_cam.b12702ad.tlog\link.write.1.tlog
d:\vst___\src\open_camera_read_info\x64\debug\open_cam.b12702ad.tlog\moc.read.1u.tlog
d:\vst___\src\open_camera_read_info\x64\debug\open_cam.b12702ad.tlog\moc.write.1u.tlog
d:\vst___\src\open_camera_read_info\x64\debug\open_cam.b12702ad.tlog\open_camera_read_info.write.1u.tlog
d:\vst___\src\open_camera_read_info\x64\debug\open_cam.b12702ad.tlog\rcc.read.1u.tlog
d:\vst___\src\open_camera_read_info\x64\debug\open_cam.b12702ad.tlog\rcc.write.1u.tlog
d:\vst___\src\open_camera_read_info\x64\debug\open_cam.b12702ad.tlog\uic.read.1u.tlog
d:\vst___\src\open_camera_read_info\x64\debug\open_cam.b12702ad.tlog\uic.write.1u.tlog
